<?xml version="1.0" encoding="UTF-8"?>
<!-- Generated by org.testng.reporters.JUnitReportReporter -->
<testsuite hostname="King" name="TestCases.Login" tests="1" failures="0" timestamp="22 Jul 2019 09:59:15 GMT" time="18.817" errors="0">
  <testcase name="case1" time="18.817" classname="TestCases.Login"/>
</testsuite> <!-- TestCases.Login -->
